[Info] Launching scalavista server...
[Info] Could not find scalavista.json - proceeding without.
[C:\Users\lenovo\Documents\code\scala\projectz\SchoolScape\app\controllers\UDataController.scala]: exception during background compile: java.lang.NullPointerException
java.lang.NullPointerException
	at scala.tools.nsc.typechecker.Typers$Typer.$anonfun$typedAnnotation$1(Typers.scala:3940)
	at scala.tools.nsc.typechecker.Typers$Typer.typedAnnotation(Typers.scala:3834)
	at scala.tools.nsc.typechecker.Namers$Namer.$anonfun$annotSig$3(Namers.scala:1866)
	at scala.reflect.internal.AnnotationInfos$LazyAnnotationInfo.forcedInfo$lzycompute(AnnotationInfos.scala:158)
	at scala.reflect.internal.AnnotationInfos$LazyAnnotationInfo.forcedInfo(AnnotationInfos.scala:158)
	at scala.reflect.internal.AnnotationInfos$LazyAnnotationInfo.completeInfo(AnnotationInfos.scala:171)
	at scala.tools.nsc.typechecker.Typers$Typer.typedTemplate(Typers.scala:1998)
	at scala.tools.nsc.typechecker.Typers$Typer.typedClassDef(Typers.scala:1880)
	at scala.tools.nsc.typechecker.Typers$Typer.typed1(Typers.scala:5775)
	at scala.tools.nsc.typechecker.Typers$Typer.typed(Typers.scala:5867)
	at scala.tools.nsc.typechecker.Typers$Typer.typedStat$1(Typers.scala:5931)
	at scala.tools.nsc.typechecker.Typers$Typer.$anonfun$typedStats$10(Typers.scala:3396)
	at scala.tools.nsc.typechecker.Typers$Typer.typedStats(Typers.scala:3396)
	at scala.tools.nsc.typechecker.Typers$Typer.typedPackageDef$1(Typers.scala:5475)
	at scala.tools.nsc.typechecker.Typers$Typer.typed1(Typers.scala:5778)
	at scala.tools.nsc.typechecker.Typers$Typer.typed(Typers.scala:5867)
	at scala.tools.nsc.typechecker.Analyzer$typerFactory$TyperPhase.apply(Analyzer.scala:115)
	at scala.tools.nsc.Global$GlobalPhase.applyPhase(Global.scala:451)
	at scala.tools.nsc.interactive.Global$TyperRun.applyPhase(Global.scala:1347)
	at scala.tools.nsc.interactive.Global$TyperRun.typeCheck(Global.scala:1340)
	at scala.tools.nsc.interactive.Global.typeCheck(Global.scala:671)
	at scala.tools.nsc.interactive.Global.$anonfun$backgroundCompile$7(Global.scala:582)
	at scala.tools.nsc.interactive.Global.$anonfun$backgroundCompile$6(Global.scala:578)
	at scala.tools.nsc.interactive.Global.$anonfun$backgroundCompile$6$adapted(Global.scala:578)
	at scala.collection.IterableOnceOps.foreach(IterableOnce.scala:576)
	at scala.collection.IterableOnceOps.foreach$(IterableOnce.scala:574)
	at scala.collection.AbstractIterable.foreach(Iterable.scala:904)
	at scala.collection.IterableOps$WithFilter.foreach(Iterable.scala:874)
	at scala.tools.nsc.interactive.Global.backgroundCompile(Global.scala:578)
	at scala.tools.nsc.interactive.PresentationCompilerThread.run(PresentationCompilerThread.scala:32)
[C:\Users\lenovo\Documents\code\scala\projectz\SchoolScape\app\controllers\UDataController.scala] marking unit as crashed (crashedFiles: Set(C:\Users\lenovo\Documents\code\scala\projectz\SchoolScape\app\controllers\UDataController.scala))
[C:\Users\lenovo\Documents\code\scala\projectz\SchoolScape\app\controllers\ApiController.scala]: exception during background compile: java.lang.NullPointerException
java.lang.NullPointerException
	at scala.tools.nsc.typechecker.Typers$Typer.$anonfun$typedAnnotation$1(Typers.scala:3940)
	at scala.tools.nsc.typechecker.Typers$Typer.typedAnnotation(Typers.scala:3834)
	at scala.tools.nsc.typechecker.Namers$Namer.$anonfun$annotSig$3(Namers.scala:1866)
	at scala.reflect.internal.AnnotationInfos$LazyAnnotationInfo.forcedInfo$lzycompute(AnnotationInfos.scala:158)
	at scala.reflect.internal.AnnotationInfos$LazyAnnotationInfo.forcedInfo(AnnotationInfos.scala:158)
	at scala.reflect.internal.AnnotationInfos$LazyAnnotationInfo.completeInfo(AnnotationInfos.scala:171)
	at scala.tools.nsc.typechecker.Typers$Typer.typedTemplate(Typers.scala:1998)
	at scala.tools.nsc.typechecker.Typers$Typer.typedClassDef(Typers.scala:1880)
	at scala.tools.nsc.typechecker.Typers$Typer.typed1(Typers.scala:5775)
	at scala.tools.nsc.typechecker.Typers$Typer.typed(Typers.scala:5867)
	at scala.tools.nsc.typechecker.Typers$Typer.typedStat$1(Typers.scala:5931)
	at scala.tools.nsc.typechecker.Typers$Typer.$anonfun$typedStats$10(Typers.scala:3396)
	at scala.tools.nsc.typechecker.Typers$Typer.typedStats(Typers.scala:3396)
	at scala.tools.nsc.typechecker.Typers$Typer.typedPackageDef$1(Typers.scala:5475)
	at scala.tools.nsc.typechecker.Typers$Typer.typed1(Typers.scala:5778)
	at scala.tools.nsc.typechecker.Typers$Typer.typed(Typers.scala:5867)
	at scala.tools.nsc.typechecker.Analyzer$typerFactory$TyperPhase.apply(Analyzer.scala:115)
	at scala.tools.nsc.Global$GlobalPhase.applyPhase(Global.scala:451)
	at scala.tools.nsc.interactive.Global$TyperRun.applyPhase(Global.scala:1347)
	at scala.tools.nsc.interactive.Global$TyperRun.typeCheck(Global.scala:1340)
	at scala.tools.nsc.interactive.Global.typeCheck(Global.scala:671)
	at scala.tools.nsc.interactive.Global.$anonfun$backgroundCompile$7(Global.scala:582)
	at scala.tools.nsc.interactive.Global.$anonfun$backgroundCompile$6(Global.scala:578)
	at scala.tools.nsc.interactive.Global.$anonfun$backgroundCompile$6$adapted(Global.scala:578)
	at scala.collection.IterableOnceOps.foreach(IterableOnce.scala:576)
	at scala.collection.IterableOnceOps.foreach$(IterableOnce.scala:574)
	at scala.collection.AbstractIterable.foreach(Iterable.scala:904)
	at scala.collection.IterableOps$WithFilter.foreach(Iterable.scala:874)
	at scala.tools.nsc.interactive.Global.backgroundCompile(Global.scala:578)
	at scala.tools.nsc.interactive.PresentationCompilerThread.run(PresentationCompilerThread.scala:32)
[C:\Users\lenovo\Documents\code\scala\projectz\SchoolScape\app\controllers\ApiController.scala] marking unit as crashed (crashedFiles: Set(C:\Users\lenovo\Documents\code\scala\projectz\SchoolScape\app\controllers\UDataController.scala, C:\Users\lenovo\Documents\code\scala\projectz\SchoolScape\app\controllers\ApiController.scala))
[C:\Users\lenovo\Documents\code\scala\projectz\SchoolScape\app\controllers\RenderController.scala]: exception during background compile: java.lang.NullPointerException
java.lang.NullPointerException
	at scala.tools.nsc.typechecker.Typers$Typer.$anonfun$typedAnnotation$1(Typers.scala:3940)
	at scala.tools.nsc.typechecker.Typers$Typer.typedAnnotation(Typers.scala:3834)
	at scala.tools.nsc.typechecker.Namers$Namer.$anonfun$annotSig$3(Namers.scala:1866)
	at scala.reflect.internal.AnnotationInfos$LazyAnnotationInfo.forcedInfo$lzycompute(AnnotationInfos.scala:158)
	at scala.reflect.internal.AnnotationInfos$LazyAnnotationInfo.forcedInfo(AnnotationInfos.scala:158)
	at scala.reflect.internal.AnnotationInfos$LazyAnnotationInfo.completeInfo(AnnotationInfos.scala:171)
	at scala.tools.nsc.typechecker.Typers$Typer.typedTemplate(Typers.scala:1998)
	at scala.tools.nsc.typechecker.Typers$Typer.typedClassDef(Typers.scala:1880)
	at scala.tools.nsc.typechecker.Typers$Typer.typed1(Typers.scala:5775)
	at scala.tools.nsc.typechecker.Typers$Typer.typed(Typers.scala:5867)
	at scala.tools.nsc.typechecker.Typers$Typer.typedStat$1(Typers.scala:5931)
	at scala.tools.nsc.typechecker.Typers$Typer.$anonfun$typedStats$10(Typers.scala:3396)
	at scala.tools.nsc.typechecker.Typers$Typer.typedStats(Typers.scala:3396)
	at scala.tools.nsc.typechecker.Typers$Typer.typedPackageDef$1(Typers.scala:5475)
	at scala.tools.nsc.typechecker.Typers$Typer.typed1(Typers.scala:5778)
	at scala.tools.nsc.typechecker.Typers$Typer.typed(Typers.scala:5867)
	at scala.tools.nsc.typechecker.Analyzer$typerFactory$TyperPhase.apply(Analyzer.scala:115)
	at scala.tools.nsc.Global$GlobalPhase.applyPhase(Global.scala:451)
	at scala.tools.nsc.interactive.Global$TyperRun.applyPhase(Global.scala:1347)
	at scala.tools.nsc.interactive.Global$TyperRun.typeCheck(Global.scala:1340)
	at scala.tools.nsc.interactive.Global.typeCheck(Global.scala:671)
	at scala.tools.nsc.interactive.Global.$anonfun$backgroundCompile$7(Global.scala:582)
	at scala.tools.nsc.interactive.Global.$anonfun$backgroundCompile$6(Global.scala:578)
	at scala.tools.nsc.interactive.Global.$anonfun$backgroundCompile$6$adapted(Global.scala:578)
	at scala.collection.IterableOnceOps.foreach(IterableOnce.scala:576)
	at scala.collection.IterableOnceOps.foreach$(IterableOnce.scala:574)
	at scala.collection.AbstractIterable.foreach(Iterable.scala:904)
	at scala.collection.IterableOps$WithFilter.foreach(Iterable.scala:874)
	at scala.tools.nsc.interactive.Global.backgroundCompile(Global.scala:578)
	at scala.tools.nsc.interactive.PresentationCompilerThread.run(PresentationCompilerThread.scala:32)
[C:\Users\lenovo\Documents\code\scala\projectz\SchoolScape\app\controllers\RenderController.scala] marking unit as crashed (crashedFiles: Set(C:\Users\lenovo\Documents\code\scala\projectz\SchoolScape\app\controllers\UDataController.scala, C:\Users\lenovo\Documents\code\scala\projectz\SchoolScape\app\controllers\ApiController.scala, C:\Users\lenovo\Documents\code\scala\projectz\SchoolScape\app\controllers\RenderController.scala))
[Info] Press any key to shut down.
